<?xml version="1.0" encoding="UTF-8"?>
<!-- Generated by org.testng.reporters.JUnitReportReporter -->
<testsuite hostname="DSA" failures="0" tests="1" name="NewTest" time="50.394" errors="0" timestamp="2022-10-12T10:47:03 IST" skipped="0">
  <testcase classname="NewTest" name="f" time="50.394"/>
  <system-out/>
</testsuite> <!-- NewTest -->
