<?xml version="1.0" encoding="UTF-8"?>
<!-- Generated by org.testng.reporters.JUnitReportReporter -->
<testsuite hostname="DSA" failures="0" tests="1" name="NewTest1" time="51.254" errors="0" timestamp="2022-10-12T10:48:42 IST" skipped="0">
  <testcase classname="NewTest1" name="f" time="51.254"/>
  <system-out/>
</testsuite> <!-- NewTest1 -->
